<?xml version="1.0" encoding="UTF-8"?>
<testng-results ignored="0" total="1" passed="1" failed="0" skipped="0">
  <reporter-output>
  </reporter-output>
  <suite started-at="2022-05-23T00:00:23 IST" name="Default suite" finished-at="2022-05-23T00:01:35 IST" duration-ms="72465">
    <groups>
    </groups>
    <test started-at="2022-05-23T00:00:23 IST" name="Default test" finished-at="2022-05-23T00:01:35 IST" duration-ms="72465">
      <class name="tests.LoginTests">
        <test-method is-config="true" signature="init()[pri:0, instance:tests.LoginTests@5c6648b0]" started-at="2022-05-23T00:00:23 IST" name="init" finished-at="2022-05-23T00:01:31 IST" duration-ms="67591" status="PASS">
          <reporter-output>
          </reporter-output>
        </test-method> <!-- init -->
        <test-method signature="login()[pri:0, instance:tests.LoginTests@5c6648b0]" started-at="2022-05-23T00:01:31 IST" name="login" finished-at="2022-05-23T00:01:35 IST" duration-ms="3939" status="PASS">
          <reporter-output>
          </reporter-output>
        </test-method> <!-- login -->
        <test-method is-config="true" signature="tearDown()[pri:0, instance:tests.LoginTests@5c6648b0]" started-at="2022-05-23T00:01:35 IST" name="tearDown" finished-at="2022-05-23T00:01:35 IST" duration-ms="653" status="PASS">
          <reporter-output>
          </reporter-output>
        </test-method> <!-- tearDown -->
      </class> <!-- tests.LoginTests -->
    </test> <!-- Default test -->
  </suite> <!-- Default suite -->
</testng-results>
